<?xml version="1.0" encoding="UTF-8"?>
<testng-results skipped="0" failed="0" total="4" passed="4">
  <reporter-output>
  </reporter-output>
  <suite name="Default suite" duration-ms="91" started-at="2021-06-26T10:58:47Z" finished-at="2021-06-26T10:58:47Z">
    <groups>
    </groups>
    <test name="Default test" duration-ms="91" started-at="2021-06-26T10:58:47Z" finished-at="2021-06-26T10:58:47Z">
      <class name="Testng">
        <test-method status="PASS" signature="beforeSuite()[pri:0, instance:Testng@2d45ba]" name="beforeSuite" is-config="true" duration-ms="15" started-at="2021-06-26T16:28:47Z" finished-at="2021-06-26T16:28:47Z">
          <reporter-output>
          </reporter-output>
        </test-method> <!-- beforeSuite -->
        <test-method status="PASS" signature="beforeTest()[pri:0, instance:Testng@2d45ba]" name="beforeTest" is-config="true" duration-ms="0" started-at="2021-06-26T16:28:47Z" finished-at="2021-06-26T16:28:47Z">
          <reporter-output>
          </reporter-output>
        </test-method> <!-- beforeTest -->
        <test-method status="PASS" signature="beforeClass()[pri:0, instance:Testng@2d45ba]" name="beforeClass" is-config="true" duration-ms="1" started-at="2021-06-26T16:28:47Z" finished-at="2021-06-26T16:28:47Z">
          <reporter-output>
          </reporter-output>
        </test-method> <!-- beforeClass -->
        <test-method status="PASS" signature="beforeMethod()[pri:0, instance:Testng@2d45ba]" name="beforeMethod" is-config="true" duration-ms="0" started-at="2021-06-26T16:28:47Z" finished-at="2021-06-26T16:28:47Z">
          <reporter-output>
          </reporter-output>
        </test-method> <!-- beforeMethod -->
        <test-method status="PASS" signature="testCase1()[pri:0, instance:Testng@2d45ba]" name="testCase1" duration-ms="14" started-at="2021-06-26T16:28:47Z" finished-at="2021-06-26T16:28:47Z">
          <reporter-output>
          </reporter-output>
        </test-method> <!-- testCase1 -->
        <test-method status="PASS" signature="afterMethod()[pri:0, instance:Testng@2d45ba]" name="afterMethod" is-config="true" duration-ms="0" started-at="2021-06-26T16:28:47Z" finished-at="2021-06-26T16:28:47Z">
          <reporter-output>
          </reporter-output>
        </test-method> <!-- afterMethod -->
        <test-method status="PASS" signature="testCase2()[pri:0, instance:Testng@2d45ba]" name="testCase2" duration-ms="3" started-at="2021-06-26T16:28:47Z" finished-at="2021-06-26T16:28:47Z">
          <reporter-output>
          </reporter-output>
        </test-method> <!-- testCase2 -->
        <test-method status="PASS" signature="beforeMethod()[pri:0, instance:Testng@2d45ba]" name="beforeMethod" is-config="true" duration-ms="0" started-at="2021-06-26T16:28:47Z" finished-at="2021-06-26T16:28:47Z">
          <reporter-output>
          </reporter-output>
        </test-method> <!-- beforeMethod -->
        <test-method status="PASS" signature="afterMethod()[pri:0, instance:Testng@2d45ba]" name="afterMethod" is-config="true" duration-ms="1" started-at="2021-06-26T16:28:47Z" finished-at="2021-06-26T16:28:47Z">
          <reporter-output>
          </reporter-output>
        </test-method> <!-- afterMethod -->
        <test-method status="PASS" signature="beforeMethod()[pri:0, instance:Testng@2d45ba]" name="beforeMethod" is-config="true" duration-ms="1" started-at="2021-06-26T16:28:47Z" finished-at="2021-06-26T16:28:47Z">
          <reporter-output>
          </reporter-output>
        </test-method> <!-- beforeMethod -->
        <test-method status="PASS" signature="testCase3()[pri:0, instance:Testng@2d45ba]" name="testCase3" duration-ms="12" started-at="2021-06-26T16:28:47Z" finished-at="2021-06-26T16:28:47Z">
          <reporter-output>
          </reporter-output>
        </test-method> <!-- testCase3 -->
        <test-method status="PASS" signature="afterMethod()[pri:0, instance:Testng@2d45ba]" name="afterMethod" is-config="true" duration-ms="0" started-at="2021-06-26T16:28:47Z" finished-at="2021-06-26T16:28:47Z">
          <reporter-output>
          </reporter-output>
        </test-method> <!-- afterMethod -->
        <test-method status="PASS" signature="beforeMethod()[pri:0, instance:Testng@2d45ba]" name="beforeMethod" is-config="true" duration-ms="1" started-at="2021-06-26T16:28:47Z" finished-at="2021-06-26T16:28:47Z">
          <reporter-output>
          </reporter-output>
        </test-method> <!-- beforeMethod -->
        <test-method status="PASS" signature="testCase4()[pri:0, instance:Testng@2d45ba]" name="testCase4" duration-ms="3" started-at="2021-06-26T16:28:47Z" finished-at="2021-06-26T16:28:47Z">
          <reporter-output>
          </reporter-output>
        </test-method> <!-- testCase4 -->
        <test-method status="PASS" signature="afterMethod()[pri:0, instance:Testng@2d45ba]" name="afterMethod" is-config="true" duration-ms="1" started-at="2021-06-26T16:28:47Z" finished-at="2021-06-26T16:28:47Z">
          <reporter-output>
          </reporter-output>
        </test-method> <!-- afterMethod -->
        <test-method status="PASS" signature="afterClass()[pri:0, instance:Testng@2d45ba]" name="afterClass" is-config="true" duration-ms="0" started-at="2021-06-26T16:28:47Z" finished-at="2021-06-26T16:28:47Z">
          <reporter-output>
          </reporter-output>
        </test-method> <!-- afterClass -->
        <test-method status="PASS" signature="afterTest()[pri:0, instance:Testng@2d45ba]" name="afterTest" is-config="true" duration-ms="0" started-at="2021-06-26T16:28:47Z" finished-at="2021-06-26T16:28:47Z">
          <reporter-output>
          </reporter-output>
        </test-method> <!-- afterTest -->
        <test-method status="PASS" signature="afterSuite()[pri:0, instance:Testng@2d45ba]" name="afterSuite" is-config="true" duration-ms="0" started-at="2021-06-26T16:28:47Z" finished-at="2021-06-26T16:28:47Z">
          <reporter-output>
          </reporter-output>
        </test-method> <!-- afterSuite -->
      </class> <!-- Testng -->
    </test> <!-- Default test -->
  </suite> <!-- Default suite -->
</testng-results>
