<?xml version="1.0" encoding="UTF-8"?>
<testng-results total="3" passed="3" failed="0" skipped="0">
  <reporter-output>
  </reporter-output>
  <suite started-at="2021-06-26T10:31:52Z" name="Default suite" finished-at="2021-06-26T10:31:52Z" duration-ms="49">
    <groups>
    </groups>
    <test started-at="2021-06-26T10:31:52Z" name="Default test" finished-at="2021-06-26T10:31:52Z" duration-ms="49">
      <class name="Testng">
        <test-method is-config="true" signature="beforeSuite()[pri:0, instance:Testng@55cf0d14]" started-at="2021-06-26T16:01:52Z" name="beforeSuite" finished-at="2021-06-26T16:01:52Z" duration-ms="9" status="PASS">
          <reporter-output>
          </reporter-output>
        </test-method> <!-- beforeSuite -->
        <test-method is-config="true" signature="beforeTest()[pri:0, instance:Testng@55cf0d14]" started-at="2021-06-26T16:01:52Z" name="beforeTest" finished-at="2021-06-26T16:01:52Z" duration-ms="0" status="PASS">
          <reporter-output>
          </reporter-output>
        </test-method> <!-- beforeTest -->
        <test-method is-config="true" signature="beforeClass()[pri:0, instance:Testng@55cf0d14]" started-at="2021-06-26T16:01:52Z" name="beforeClass" finished-at="2021-06-26T16:01:52Z" duration-ms="0" status="PASS">
          <reporter-output>
          </reporter-output>
        </test-method> <!-- beforeClass -->
        <test-method signature="testCase1()[pri:0, instance:Testng@55cf0d14]" started-at="2021-06-26T16:01:52Z" name="testCase1" finished-at="2021-06-26T16:01:52Z" duration-ms="9" status="PASS">
          <reporter-output>
          </reporter-output>
        </test-method> <!-- testCase1 -->
        <test-method is-config="true" signature="beforeMethod()[pri:0, instance:Testng@55cf0d14]" started-at="2021-06-26T16:01:52Z" name="beforeMethod" finished-at="2021-06-26T16:01:52Z" duration-ms="0" status="PASS">
          <reporter-output>
          </reporter-output>
        </test-method> <!-- beforeMethod -->
        <test-method is-config="true" signature="afterMethod()[pri:0, instance:Testng@55cf0d14]" started-at="2021-06-26T16:01:52Z" name="afterMethod" finished-at="2021-06-26T16:01:52Z" duration-ms="0" status="PASS">
          <reporter-output>
          </reporter-output>
        </test-method> <!-- afterMethod -->
        <test-method is-config="true" signature="beforeMethod()[pri:0, instance:Testng@55cf0d14]" started-at="2021-06-26T16:01:52Z" name="beforeMethod" finished-at="2021-06-26T16:01:52Z" duration-ms="0" status="PASS">
          <reporter-output>
          </reporter-output>
        </test-method> <!-- beforeMethod -->
        <test-method signature="testCase2()[pri:0, instance:Testng@55cf0d14]" started-at="2021-06-26T16:01:52Z" name="testCase2" finished-at="2021-06-26T16:01:52Z" duration-ms="7" status="PASS">
          <reporter-output>
          </reporter-output>
        </test-method> <!-- testCase2 -->
        <test-method is-config="true" signature="afterMethod()[pri:0, instance:Testng@55cf0d14]" started-at="2021-06-26T16:01:52Z" name="afterMethod" finished-at="2021-06-26T16:01:52Z" duration-ms="2" status="PASS">
          <reporter-output>
          </reporter-output>
        </test-method> <!-- afterMethod -->
        <test-method is-config="true" signature="beforeMethod()[pri:0, instance:Testng@55cf0d14]" started-at="2021-06-26T16:01:52Z" name="beforeMethod" finished-at="2021-06-26T16:01:52Z" duration-ms="1" status="PASS">
          <reporter-output>
          </reporter-output>
        </test-method> <!-- beforeMethod -->
        <test-method signature="testCase3()[pri:0, instance:Testng@55cf0d14]" started-at="2021-06-26T16:01:52Z" name="testCase3" finished-at="2021-06-26T16:01:52Z" duration-ms="2" status="PASS">
          <reporter-output>
          </reporter-output>
        </test-method> <!-- testCase3 -->
        <test-method is-config="true" signature="afterClass()[pri:0, instance:Testng@55cf0d14]" started-at="2021-06-26T16:01:52Z" name="afterClass" finished-at="2021-06-26T16:01:52Z" duration-ms="1" status="PASS">
          <reporter-output>
          </reporter-output>
        </test-method> <!-- afterClass -->
        <test-method is-config="true" signature="afterMethod()[pri:0, instance:Testng@55cf0d14]" started-at="2021-06-26T16:01:52Z" name="afterMethod" finished-at="2021-06-26T16:01:52Z" duration-ms="0" status="PASS">
          <reporter-output>
          </reporter-output>
        </test-method> <!-- afterMethod -->
        <test-method is-config="true" signature="afterTest()[pri:0, instance:Testng@55cf0d14]" started-at="2021-06-26T16:01:52Z" name="afterTest" finished-at="2021-06-26T16:01:52Z" duration-ms="0" status="PASS">
          <reporter-output>
          </reporter-output>
        </test-method> <!-- afterTest -->
        <test-method is-config="true" signature="afterSuite()[pri:0, instance:Testng@55cf0d14]" started-at="2021-06-26T16:01:53Z" name="afterSuite" finished-at="2021-06-26T16:01:53Z" duration-ms="0" status="PASS">
          <reporter-output>
          </reporter-output>
        </test-method> <!-- afterSuite -->
      </class> <!-- Testng -->
    </test> <!-- Default test -->
  </suite> <!-- Default suite -->
</testng-results>
